<?xml version="1.0" encoding="UTF-8"?>
<testsuite xmlns:xsi="http://www.w3.org/2001/XMLSchema-instance" xsi:noNamespaceSchemaLocation="https://maven.apache.org/surefire/maven-surefire-plugin/xsd/surefire-test-report-3.0.xsd" version="3.0" name="com.thangntran.mathutil.core.MathUtilTest" time="0.128" tests="5" errors="0" skipped="0" failures="0">
  <properties>
[...]
</properties>
  <testcase name="testFactorialGivenRightArgumentReturnWell" classname="com.thangntran.mathutil.core.MathUtilTest" time="0.041"/>
  <testcase name="testFactorialGivenRightArgumentReturnWell(int, int)[1]" classname="com.thangntran.mathutil.core.MathUtilTest" time="0.028"/>
  <testcase name="testFactorialGivenRightArgumentReturnWell(int, int)[2]" classname="com.thangntran.mathutil.core.MathUtilTest" time="0.001"/>
  <testcase name="testFactorialGivenRightArgumentReturnWell(int, int)[3]" classname="com.thangntran.mathutil.core.MathUtilTest" time="0.001"/>
  <testcase name="testFactorialGivenWrongArgumentThrownExeption" classname="com.thangntran.mathutil.core.MathUtilTest" time="0.002"/>
</testsuite>